00:00:00.000982 main     VirtualBox XPCOM Server 6.1.34 r150636 linux.amd64 (Apr 20 2022 19:04:37) release log
00:00:00.000985 main     Log opened 2022-05-21T12:10:10.220774000Z
00:00:00.000985 main     Build Type: release
00:00:00.000989 main     OS Product: Linux
00:00:00.000990 main     OS Release: 5.10.0-13-amd64
00:00:00.000990 main     OS Version: #1 SMP Debian 5.10.106-1 (2022-03-17)
00:00:00.001017 main     DMI Product Name: H110M-S2
00:00:00.001025 main     DMI Product Version: Default string
00:00:00.001034 main     Firmware type: BIOS
00:00:00.001067 main     Host RAM: 3844MB (3.7GB) total, 3134MB (3.0GB) available
00:00:00.001071 main     Executable: /usr/lib/virtualbox/VBoxSVC
00:00:00.001071 main     Process ID: 4711
00:00:00.001072 main     Package type: LINUX_64BITS__DEBIAN_11
00:00:00.002639 main     IPC socket path: /tmp/.vbox-sb-ipc/ipcd
00:00:00.106009 nspr-2   VirtualBox: object creation starts
00:00:00.106592 nspr-2   Home directory: '/home/sb/.config/VirtualBox'
00:00:00.107640 nspr-2   Loading settings file "/home/sb/.config/VirtualBox/VirtualBox.xml" with version "1.12-linux"
00:00:00.108634 nspr-2   HostDnsMonitor: initializing
00:00:00.109209 nspr-2   NAT: resolv.conf: nameserver 192.168.1.1
00:00:00.109299 nspr-2   HostDnsMonitor: updating information
00:00:00.109360 nspr-2   HostDnsMonitor: old information
00:00:00.109394 nspr-2     no server entries
00:00:00.109426 nspr-2     no domain set
00:00:00.109457 nspr-2     no search string entries
00:00:00.109489 nspr-2   HostDnsMonitor: new information
00:00:00.109520 nspr-2     server 1: 192.168.1.1
00:00:00.109550 nspr-2     no domain set
00:00:00.109580 nspr-2     no search string entries
00:00:00.112020 nspr-2   Failed to open "/dev/vboxdrvu", errno=2, rc=VERR_VM_DRIVER_NOT_INSTALLED
00:00:00.112405 nspr-2   VD: VDInit finished with VINF_SUCCESS
00:00:00.117180 nspr-2   Loading settings file "/home/sb/vbox/fedora/fedora.vbox" with version "1.16-linux"
00:00:00.120560 nspr-2   Loading settings file "/home/sb/vbox/debian11/debian11.vbox" with version "1.16-linux"
00:00:00.123185 nspr-2   VirtualBox: object created
00:00:00.795696 nspr-3   WARNING [COM]: aRC=NS_ERROR_FAILURE (0x80004005) aIID={16ced992-5fdc-4aba-aff5-6a39bbd7c38b} aComponent={HostWrap} aText={VirtualBox is not currently allowed to access USB devices.  You can change this by adding your user to the 'vboxusers' group.  Please see the user manual for a more detailed explanation}, preserve=true  aResultDetail=0
00:00:00.820898 nspr-3   Failed to open "/dev/vboxdrvu", errno=2, rc=VERR_VM_DRIVER_NOT_INSTALLED
00:00:00.981492 nspr-3   WARNING [COM]: aRC=NS_ERROR_FAILURE (0x80004005) aIID={16ced992-5fdc-4aba-aff5-6a39bbd7c38b} aComponent={HostWrap} aText={VirtualBox is not currently allowed to access USB devices.  You can change this by adding your user to the 'vboxusers' group.  Please see the user manual for a more detailed explanation}, preserve=true  aResultDetail=0
00:00:00.982518 nspr-3   WARNING [COM]: aRC=NS_ERROR_FAILURE (0x80004005) aIID={16ced992-5fdc-4aba-aff5-6a39bbd7c38b} aComponent={HostWrap} aText={VirtualBox is not currently allowed to access USB devices.  You can change this by adding your user to the 'vboxusers' group.  Please see the user manual for a more detailed explanation}, preserve=true  aResultDetail=0
00:00:02.254794 nspr-4   Saving settings file "/home/sb/.config/VirtualBox/VirtualBox.xml" with version "1.12-linux"
00:00:02.264796 nspr-2   Saving settings file "/home/sb/.config/VirtualBox/VirtualBox.xml" with version "1.12-linux"
